<?xml version="1.0" encoding="UTF-8"?>
<!-- Generated by org.testng.reporters.JUnitReportReporter -->
<testsuite hostname="DESKTOP-5824EA3" failures="0" tests="2" name="com.asm2_ktnc.NewTest2" time="2.342" errors="0" timestamp="2024-04-07T20:07:06 ICT" skipped="0">
  <testcase classname="com.asm2_ktnc.NewTest2" name="openWeb" time="1.936"/>
  <testcase classname="com.asm2_ktnc.NewTest2" name="clickLogin" time="0.406"/>
</testsuite> <!-- com.asm2_ktnc.NewTest2 -->
