<?xml version="1.0" encoding="UTF-8"?>
<!-- Generated by org.testng.reporters.JUnitReportReporter -->
<testsuite hostname="DESKTOP-5824EA3" failures="0" tests="5" name="com.asm2_ktnc.NewTest2" time="87.691" errors="0" timestamp="2024-04-09T09:20:02 ICT" skipped="0">
  <testcase classname="com.asm2_ktnc.NewTest2" name="openGmail" time="8.324"/>
  <testcase classname="com.asm2_ktnc.NewTest2" name="fillUsername" time="3.347"/>
  <testcase classname="com.asm2_ktnc.NewTest2" name="fillPass" time="3.453"/>
  <testcase classname="com.asm2_ktnc.NewTest2" name="openAP" time="44.131"/>
  <testcase classname="com.asm2_ktnc.NewTest2" name="clickLogin" time="28.436"/>
</testsuite> <!-- com.asm2_ktnc.NewTest2 -->
